<?xml version="1.0" encoding="UTF-8" ?>
<testsuite failures="0" time="0.338" errors="0" skipped="4" tests="5" name="bing_search_Test">
  <properties>
[...]
</properties>
  <testcase time="0.009" classname="Scenario: Search for QAInfotech" name="Given I am on Bings&apos;s home page">
    <skipped/>
  </testcase>
  <testcase time="0" classname="Scenario: Search for QAInfotech" name="When I enter the keyword &quot;QA Infotech&quot;">
    <skipped/>
  </testcase>
  <testcase time="0" classname="Scenario: Search for QAInfotech" name="And click the Submit button">
    <skipped/>
  </testcase>
  <testcase time="0" classname="Scenario: Search for QAInfotech" name="Then the page title should be &quot;QA Infotech - Bing&quot;">
    <skipped/>
  </testcase>
  <testcase time="0.001" classname="Scenario: Search for QAInfotech" name="Scenario: Search for QAInfotech"/>
</testsuite>